<?xml version="1.0" encoding="UTF-8"?>
<!-- Generated by org.testng.reporters.JUnitReportReporter -->
<testsuite hostname="DESKTOP-0GVLBSN" failures="0" tests="3" name="com.crm.qa.testcases.HomePageTest" time="120.028" errors="0" timestamp="25 Sep 2018 17:52:16 GMT" skipped="0">
  <testcase classname="com.crm.qa.testcases.HomePageTest" name="VerifyHomePageTitleTest" time="41.100"/>
  <testcase classname="com.crm.qa.testcases.HomePageTest" name="verifyHomepageUserNameTest" time="35.155"/>
  <testcase classname="com.crm.qa.testcases.HomePageTest" name="verifyContactsLinkTest" time="43.773"/>
</testsuite> <!-- com.crm.qa.testcases.HomePageTest -->
