<?xml version="1.0" encoding="UTF-8"?>
<!-- Generated by org.testng.reporters.JUnitReportReporter -->
<testsuite hostname="DESKTOP-0GVLBSN" failures="0" tests="5" name="com.crm.qa.testcases.ContactsPageTest" time="256.916" errors="0" timestamp="25 Sep 2018 17:52:16 GMT" skipped="0">
  <testcase classname="com.crm.qa.testcases.ContactsPageTest" name="verifyContactsPageLabelTest" time="60.879"/>
  <testcase classname="com.crm.qa.testcases.ContactsPageTest" name="SelectcontactNameTest" time="30.158"/>
  <testcase classname="com.crm.qa.testcases.ContactsPageTest" name="validatecreateNewContact" time="43.648"/>
  <testcase classname="com.crm.qa.testcases.ContactsPageTest" name="validatecreateNewContact" time="54.240"/>
  <testcase classname="com.crm.qa.testcases.ContactsPageTest" name="validatecreateNewContact" time="67.991"/>
</testsuite> <!-- com.crm.qa.testcases.ContactsPageTest -->
