<?xml version="1.0" encoding="UTF-8"?>
<!-- Generated by org.testng.reporters.JUnitReportReporter -->
<testsuite hostname="DESKTOP-0GVLBSN" failures="0" tests="3" name="com.crm.qa.testcases.LoginPageTest" time="99.204" errors="0" timestamp="25 Sep 2018 17:52:16 GMT" skipped="0">
  <testcase classname="com.crm.qa.testcases.LoginPageTest" name="TitelTest" time="26.800"/>
  <testcase classname="com.crm.qa.testcases.LoginPageTest" name="CrmLogoImageTest" time="22.583"/>
  <testcase classname="com.crm.qa.testcases.LoginPageTest" name="LoginTest" time="49.821"/>
</testsuite> <!-- com.crm.qa.testcases.LoginPageTest -->
