<?xml version="1.0" encoding="UTF-8"?>
<!-- Generated by org.testng.reporters.JUnitReportReporter -->
<testsuite skipped="0" hostname="DESKTOP-0GVLBSN" name="com.crm.qa.testcases.HomePageTest" tests="3" failures="0" timestamp="05 Oct 2018 17:32:44 GMT" time="159.570" errors="0">
  <testcase name="VerifyHomePageTitleTest" time="49.148" classname="com.crm.qa.testcases.HomePageTest"/>
  <testcase name="verifyHomepageUserNameTest" time="59.114" classname="com.crm.qa.testcases.HomePageTest"/>
  <testcase name="verifyContactsLinkTest" time="51.308" classname="com.crm.qa.testcases.HomePageTest"/>
</testsuite> <!-- com.crm.qa.testcases.HomePageTest -->
