<?xml version="1.0" encoding="UTF-8"?>
<!-- Generated by org.testng.reporters.JUnitReportReporter -->
<testsuite skipped="0" hostname="DESKTOP-0GVLBSN" name="com.crm.qa.testcases.ContactsPageTest" tests="5" failures="0" timestamp="05 Oct 2018 17:32:44 GMT" time="300.831" errors="0">
  <testcase name="verifyContactsPageLabelTest" time="68.887" classname="com.crm.qa.testcases.ContactsPageTest"/>
  <testcase name="SelectcontactNameTest" time="53.069" classname="com.crm.qa.testcases.ContactsPageTest"/>
  <testcase name="validatecreateNewContact" time="49.598" classname="com.crm.qa.testcases.ContactsPageTest"/>
  <testcase name="validatecreateNewContact" time="60.755" classname="com.crm.qa.testcases.ContactsPageTest"/>
  <testcase name="validatecreateNewContact" time="68.522" classname="com.crm.qa.testcases.ContactsPageTest"/>
</testsuite> <!-- com.crm.qa.testcases.ContactsPageTest -->
