<?xml version="1.0" encoding="UTF-8"?>
<!-- Generated by org.testng.reporters.JUnitReportReporter -->
<testsuite skipped="0" hostname="DESKTOP-0GVLBSN" name="com.crm.qa.testcases.LoginPageTest" tests="3" failures="0" timestamp="05 Oct 2018 17:32:44 GMT" time="110.225" errors="0">
  <testcase name="TitelTest" time="22.549" classname="com.crm.qa.testcases.LoginPageTest"/>
  <testcase name="CrmLogoImageTest" time="29.453" classname="com.crm.qa.testcases.LoginPageTest"/>
  <testcase name="LoginTest" time="58.223" classname="com.crm.qa.testcases.LoginPageTest"/>
</testsuite> <!-- com.crm.qa.testcases.LoginPageTest -->
